[ 2015-10-31T10:28:42+08:00 ] ::1 /favicon.ico
INFO: [ app_init ] --START--
INFO: Run Behavior\BuildLiteBehavior [ RunTime:0.000000s ]
INFO: [ app_init ] --END-- [ RunTime:0.048003s ]

[ 2015-10-31T10:28:42+08:00 ] ::1 /favicon.ico
INFO: [ app_init ] --START--
INFO: Run Behavior\BuildLiteBehavior [ RunTime:0.000000s ]
INFO: [ app_init ] --END-- [ RunTime:0.001000s ]

[ 2015-10-31T10:28:44+08:00 ] ::1 /
INFO: [ app_init ] --START--
INFO: Run Behavior\BuildLiteBehavior [ RunTime:0.000000s ]
INFO: [ app_init ] --END-- [ RunTime:0.000000s ]
INFO: [ app_begin ] --START--
INFO: Run Behavior\ReadHtmlCacheBehavior [ RunTime:0.012000s ]
INFO: [ app_begin ] --END-- [ RunTime:0.012000s ]
SQL: SHOW COLUMNS FROM `goods` [ RunTime:0.1330s ]
SQL: SHOW COLUMNS FROM `goods` [ RunTime:0.0050s ]
SQL: SHOW COLUMNS FROM `comment` [ RunTime:0.0390s ]
SQL: SELECT COUNT(*) AS tp_count FROM `goods` WHERE ( status=1 && end_time>"2015-10-31 10:28:44" ) LIMIT 1   [ RunTime:0.1270s ]
SQL: SELECT `gid`,`title`,`class_id`,`price`,`oldprice`,`gurl`,`gimage`,`shop`,`delimg`,`detail`,`yishou`,`praise`,`dislike`,`comment` FROM `goods` WHERE ( status=1 && end_time>"2015-10-31 10:28:44" ) ORDER BY gid desc LIMIT 0,80   [ RunTime:0.0050s ]
SQL: SELECT * FROM `comment` WHERE ( gid=1056 && status=1 )  [ RunTime:0.0100s ]
SQL: SELECT * FROM `comment` WHERE ( gid=1055 && status=1 )  [ RunTime:0.0010s ]
SQL: SELECT * FROM `comment` WHERE ( gid=1054 && status=1 )  [ RunTime:0.0010s ]
SQL: SELECT * FROM `comment` WHERE ( gid=1053 && status=1 )  [ RunTime:0.0000s ]
SQL: SELECT * FROM `comment` WHERE ( gid=1052 && status=1 )  [ RunTime:0.0000s ]
SQL: SELECT * FROM `comment` WHERE ( gid=1050 && status=1 )  [ RunTime:0.0000s ]
SQL: SELECT * FROM `comment` WHERE ( gid=1049 && status=1 )  [ RunTime:0.0010s ]
SQL: SELECT * FROM `comment` WHERE ( gid=1047 && status=1 )  [ RunTime:0.0010s ]
SQL: SELECT * FROM `comment` WHERE ( gid=1046 && status=1 )  [ RunTime:0.0010s ]
SQL: SELECT * FROM `comment` WHERE ( gid=1045 && status=1 )  [ RunTime:0.0000s ]
SQL: SELECT * FROM `comment` WHERE ( gid=1044 && status=1 )  [ RunTime:0.0000s ]
SQL: SELECT * FROM `comment` WHERE ( gid=1043 && status=1 )  [ RunTime:0.0000s ]
SQL: SELECT * FROM `comment` WHERE ( gid=1042 && status=1 )  [ RunTime:0.0010s ]
SQL: SELECT * FROM `comment` WHERE ( gid=1041 && status=1 )  [ RunTime:0.0010s ]
SQL: SELECT * FROM `comment` WHERE ( gid=1039 && status=1 )  [ RunTime:0.0010s ]
SQL: SELECT * FROM `comment` WHERE ( gid=1038 && status=1 )  [ RunTime:0.0000s ]
SQL: SELECT * FROM `comment` WHERE ( gid=1037 && status=1 )  [ RunTime:0.0000s ]
SQL: SELECT * FROM `comment` WHERE ( gid=1036 && status=1 )  [ RunTime:0.0000s ]
SQL: SELECT * FROM `comment` WHERE ( gid=1035 && status=1 )  [ RunTime:0.0010s ]
SQL: SELECT * FROM `comment` WHERE ( gid=1034 && status=1 )  [ RunTime:0.0010s ]
SQL: SELECT * FROM `comment` WHERE ( gid=1033 && status=1 )  [ RunTime:0.0010s ]
SQL: SELECT * FROM `comment` WHERE ( gid=1032 && status=1 )  [ RunTime:0.0000s ]
SQL: SELECT * FROM `comment` WHERE ( gid=1031 && status=1 )  [ RunTime:0.0000s ]
SQL: SELECT * FROM `comment` WHERE ( gid=1030 && status=1 )  [ RunTime:0.0010s ]
SQL: SELECT * FROM `comment` WHERE ( gid=1029 && status=1 )  [ RunTime:0.0010s ]
SQL: SELECT * FROM `comment` WHERE ( gid=1028 && status=1 )  [ RunTime:0.0010s ]
SQL: SELECT * FROM `comment` WHERE ( gid=1027 && status=1 )  [ RunTime:0.0010s ]
SQL: SELECT * FROM `comment` WHERE ( gid=1026 && status=1 )  [ RunTime:0.0010s ]
SQL: SELECT * FROM `comment` WHERE ( gid=1025 && status=1 )  [ RunTime:0.0030s ]
SQL: SELECT * FROM `comment` WHERE ( gid=1024 && status=1 )  [ RunTime:0.0030s ]
SQL: SELECT * FROM `comment` WHERE ( gid=1023 && status=1 )  [ RunTime:0.0010s ]
SQL: SELECT * FROM `comment` WHERE ( gid=1022 && status=1 )  [ RunTime:0.0000s ]
SQL: SELECT * FROM `comment` WHERE ( gid=1021 && status=1 )  [ RunTime:0.0000s ]
SQL: SELECT * FROM `comment` WHERE ( gid=1020 && status=1 )  [ RunTime:0.0000s ]
SQL: SELECT * FROM `comment` WHERE ( gid=1019 && status=1 )  [ RunTime:0.0010s ]
SQL: SELECT * FROM `comment` WHERE ( gid=1018 && status=1 )  [ RunTime:0.0010s ]
SQL: SELECT * FROM `comment` WHERE ( gid=1017 && status=1 )  [ RunTime:0.0000s ]
SQL: SELECT * FROM `comment` WHERE ( gid=1016 && status=1 )  [ RunTime:0.0000s ]
SQL: SELECT * FROM `comment` WHERE ( gid=1015 && status=1 )  [ RunTime:0.0000s ]
SQL: SELECT * FROM `comment` WHERE ( gid=1014 && status=1 )  [ RunTime:0.0010s ]
SQL: SELECT * FROM `comment` WHERE ( gid=1013 && status=1 )  [ RunTime:0.0010s ]
SQL: SELECT * FROM `comment` WHERE ( gid=1012 && status=1 )  [ RunTime:0.0010s ]
SQL: SELECT * FROM `comment` WHERE ( gid=1011 && status=1 )  [ RunTime:0.0000s ]
SQL: SELECT * FROM `comment` WHERE ( gid=1010 && status=1 )  [ RunTime:0.0000s ]
SQL: SELECT * FROM `comment` WHERE ( gid=1009 && status=1 )  [ RunTime:0.0000s ]
SQL: SELECT * FROM `comment` WHERE ( gid=1008 && status=1 )  [ RunTime:0.0010s ]
SQL: SELECT * FROM `comment` WHERE ( gid=1007 && status=1 )  [ RunTime:0.0010s ]
SQL: SELECT * FROM `comment` WHERE ( gid=1006 && status=1 )  [ RunTime:0.0010s ]
SQL: SELECT * FROM `comment` WHERE ( gid=1005 && status=1 )  [ RunTime:0.0000s ]
SQL: SELECT * FROM `comment` WHERE ( gid=1004 && status=1 )  [ RunTime:0.0000s ]
SQL: SELECT * FROM `comment` WHERE ( gid=1003 && status=1 )  [ RunTime:0.0010s ]
SQL: SELECT * FROM `comment` WHERE ( gid=1002 && status=1 )  [ RunTime:0.0000s ]
SQL: SELECT * FROM `comment` WHERE ( gid=1001 && status=1 )  [ RunTime:0.0010s ]
SQL: SELECT * FROM `comment` WHERE ( gid=1000 && status=1 )  [ RunTime:0.0000s ]
SQL: SELECT * FROM `comment` WHERE ( gid=998 && status=1 )  [ RunTime:0.0000s ]
SQL: SELECT * FROM `comment` WHERE ( gid=997 && status=1 )  [ RunTime:0.0000s ]
SQL: SELECT * FROM `comment` WHERE ( gid=996 && status=1 )  [ RunTime:0.0010s ]
SQL: SELECT * FROM `comment` WHERE ( gid=995 && status=1 )  [ RunTime:0.0000s ]
SQL: SELECT * FROM `comment` WHERE ( gid=994 && status=1 )  [ RunTime:0.0000s ]
SQL: SELECT * FROM `comment` WHERE ( gid=993 && status=1 )  [ RunTime:0.0000s ]
SQL: SELECT * FROM `comment` WHERE ( gid=991 && status=1 )  [ RunTime:0.0000s ]
SQL: SELECT * FROM `comment` WHERE ( gid=989 && status=1 )  [ RunTime:0.0000s ]
SQL: SELECT * FROM `comment` WHERE ( gid=988 && status=1 )  [ RunTime:0.0010s ]
SQL: SELECT * FROM `comment` WHERE ( gid=987 && status=1 )  [ RunTime:0.0010s ]
SQL: SELECT * FROM `comment` WHERE ( gid=986 && status=1 )  [ RunTime:0.0000s ]
SQL: SELECT * FROM `comment` WHERE ( gid=985 && status=1 )  [ RunTime:0.0010s ]
SQL: SELECT * FROM `comment` WHERE ( gid=984 && status=1 )  [ RunTime:0.0000s ]
SQL: SELECT * FROM `comment` WHERE ( gid=983 && status=1 )  [ RunTime:0.0000s ]
SQL: SELECT * FROM `comment` WHERE ( gid=982 && status=1 )  [ RunTime:0.0000s ]
SQL: SELECT * FROM `comment` WHERE ( gid=981 && status=1 )  [ RunTime:0.0000s ]
SQL: SELECT * FROM `comment` WHERE ( gid=980 && status=1 )  [ RunTime:0.0010s ]
SQL: SELECT * FROM `comment` WHERE ( gid=979 && status=1 )  [ RunTime:0.0000s ]
SQL: SELECT * FROM `comment` WHERE ( gid=978 && status=1 )  [ RunTime:0.0010s ]
SQL: SELECT * FROM `comment` WHERE ( gid=977 && status=1 )  [ RunTime:0.0000s ]
SQL: SELECT * FROM `comment` WHERE ( gid=976 && status=1 )  [ RunTime:0.0000s ]
SQL: SELECT * FROM `comment` WHERE ( gid=975 && status=1 )  [ RunTime:0.0000s ]
SQL: SELECT * FROM `comment` WHERE ( gid=974 && status=1 )  [ RunTime:0.0000s ]
SQL: SELECT * FROM `comment` WHERE ( gid=973 && status=1 )  [ RunTime:0.0010s ]
SQL: SELECT * FROM `comment` WHERE ( gid=972 && status=1 )  [ RunTime:0.0000s ]
SQL: SELECT * FROM `comment` WHERE ( gid=971 && status=1 )  [ RunTime:0.0010s ]
SQL: SELECT * FROM `goods` WHERE ( status=1 && fromwhere="jiukuaiyou" && end_time>"2015-10-31 10:28:44" ) ORDER BY gid desc LIMIT 5,5   [ RunTime:0.0000s ]
INFO: [ view_parse ] --START--
INFO: [ template_filter ] --START--
INFO: Run Behavior\ContentReplaceBehavior [ RunTime:0.027001s ]
INFO: [ template_filter ] --END-- [ RunTime:0.028001s ]
INFO: Run Behavior\ParseTemplateBehavior [ RunTime:0.090005s ]
INFO: [ view_parse ] --END-- [ RunTime:0.090005s ]
INFO: [ view_filter ] --START--
INFO: Run Behavior\WriteHtmlCacheBehavior [ RunTime:0.016001s ]
INFO: [ view_filter ] --END-- [ RunTime:0.016001s ]
INFO: [ app_end ] --START--
INFO: Run Behavior\ShowPageTraceBehavior [ RunTime:0.049003s ]
INFO: [ app_end ] --END-- [ RunTime:0.049003s ]

[ 2015-10-31T10:28:47+08:00 ] ::1 /
INFO: [ app_init ] --START--
INFO: Run Behavior\BuildLiteBehavior [ RunTime:0.000000s ]
INFO: [ app_init ] --END-- [ RunTime:0.000000s ]
INFO: [ app_begin ] --START--
INFO: Run Behavior\ReadHtmlCacheBehavior [ RunTime:0.001000s ]
INFO: [ app_begin ] --END-- [ RunTime:0.001000s ]
SQL: SHOW COLUMNS FROM `goods` [ RunTime:0.0030s ]
SQL: SHOW COLUMNS FROM `goods` [ RunTime:0.0030s ]
SQL: SHOW COLUMNS FROM `comment` [ RunTime:0.0020s ]
SQL: SELECT COUNT(*) AS tp_count FROM `goods` WHERE ( status=1 && end_time>"2015-10-31 10:28:47" ) LIMIT 1   [ RunTime:0.0010s ]
SQL: SELECT `gid`,`title`,`class_id`,`price`,`oldprice`,`gurl`,`gimage`,`shop`,`delimg`,`detail`,`yishou`,`praise`,`dislike`,`comment` FROM `goods` WHERE ( status=1 && end_time>"2015-10-31 10:28:47" ) ORDER BY gid desc LIMIT 0,80   [ RunTime:0.0020s ]
SQL: SELECT * FROM `comment` WHERE ( gid=1056 && status=1 )  [ RunTime:0.0010s ]
SQL: SELECT * FROM `comment` WHERE ( gid=1055 && status=1 )  [ RunTime:0.0000s ]
SQL: SELECT * FROM `comment` WHERE ( gid=1054 && status=1 )  [ RunTime:0.0000s ]
SQL: SELECT * FROM `comment` WHERE ( gid=1053 && status=1 )  [ RunTime:0.0000s ]
SQL: SELECT * FROM `comment` WHERE ( gid=1052 && status=1 )  [ RunTime:0.0000s ]
SQL: SELECT * FROM `comment` WHERE ( gid=1050 && status=1 )  [ RunTime:0.0000s ]
SQL: SELECT * FROM `comment` WHERE ( gid=1049 && status=1 )  [ RunTime:0.0000s ]
SQL: SELECT * FROM `comment` WHERE ( gid=1047 && status=1 )  [ RunTime:0.0000s ]
SQL: SELECT * FROM `comment` WHERE ( gid=1046 && status=1 )  [ RunTime:0.0010s ]
SQL: SELECT * FROM `comment` WHERE ( gid=1045 && status=1 )  [ RunTime:0.0000s ]
SQL: SELECT * FROM `comment` WHERE ( gid=1044 && status=1 )  [ RunTime:0.0000s ]
SQL: SELECT * FROM `comment` WHERE ( gid=1043 && status=1 )  [ RunTime:0.0010s ]
SQL: SELECT * FROM `comment` WHERE ( gid=1042 && status=1 )  [ RunTime:0.0000s ]
SQL: SELECT * FROM `comment` WHERE ( gid=1041 && status=1 )  [ RunTime:0.0010s ]
SQL: SELECT * FROM `comment` WHERE ( gid=1039 && status=1 )  [ RunTime:0.0000s ]
SQL: SELECT * FROM `comment` WHERE ( gid=1038 && status=1 )  [ RunTime:0.0000s ]
SQL: SELECT * FROM `comment` WHERE ( gid=1037 && status=1 )  [ RunTime:0.0010s ]
SQL: SELECT * FROM `comment` WHERE ( gid=1036 && status=1 )  [ RunTime:0.0000s ]
SQL: SELECT * FROM `comment` WHERE ( gid=1035 && status=1 )  [ RunTime:0.0000s ]
SQL: SELECT * FROM `comment` WHERE ( gid=1034 && status=1 )  [ RunTime:0.0000s ]
SQL: SELECT * FROM `comment` WHERE ( gid=1033 && status=1 )  [ RunTime:0.0000s ]
SQL: SELECT * FROM `comment` WHERE ( gid=1032 && status=1 )  [ RunTime:0.0000s ]
SQL: SELECT * FROM `comment` WHERE ( gid=1031 && status=1 )  [ RunTime:0.0000s ]
SQL: SELECT * FROM `comment` WHERE ( gid=1030 && status=1 )  [ RunTime:0.0000s ]
SQL: SELECT * FROM `comment` WHERE ( gid=1029 && status=1 )  [ RunTime:0.0000s ]
SQL: SELECT * FROM `comment` WHERE ( gid=1028 && status=1 )  [ RunTime:0.0000s ]
SQL: SELECT * FROM `comment` WHERE ( gid=1027 && status=1 )  [ RunTime:0.0000s ]
SQL: SELECT * FROM `comment` WHERE ( gid=1026 && status=1 )  [ RunTime:0.0010s ]
SQL: SELECT * FROM `comment` WHERE ( gid=1025 && status=1 )  [ RunTime:0.0000s ]
SQL: SELECT * FROM `comment` WHERE ( gid=1024 && status=1 )  [ RunTime:0.0000s ]
SQL: SELECT * FROM `comment` WHERE ( gid=1023 && status=1 )  [ RunTime:0.0010s ]
SQL: SELECT * FROM `comment` WHERE ( gid=1022 && status=1 )  [ RunTime:0.0000s ]
SQL: SELECT * FROM `comment` WHERE ( gid=1021 && status=1 )  [ RunTime:0.0000s ]
SQL: SELECT * FROM `comment` WHERE ( gid=1020 && status=1 )  [ RunTime:0.0010s ]
SQL: SELECT * FROM `comment` WHERE ( gid=1019 && status=1 )  [ RunTime:0.0000s ]
SQL: SELECT * FROM `comment` WHERE ( gid=1018 && status=1 )  [ RunTime:0.0000s ]
SQL: SELECT * FROM `comment` WHERE ( gid=1017 && status=1 )  [ RunTime:0.0000s ]
SQL: SELECT * FROM `comment` WHERE ( gid=1016 && status=1 )  [ RunTime:0.0000s ]
SQL: SELECT * FROM `comment` WHERE ( gid=1015 && status=1 )  [ RunTime:0.0000s ]
SQL: SELECT * FROM `comment` WHERE ( gid=1014 && status=1 )  [ RunTime:0.0000s ]
SQL: SELECT * FROM `comment` WHERE ( gid=1013 && status=1 )  [ RunTime:0.0000s ]
SQL: SELECT * FROM `comment` WHERE ( gid=1012 && status=1 )  [ RunTime:0.0010s ]
SQL: SELECT * FROM `comment` WHERE ( gid=1011 && status=1 )  [ RunTime:0.0000s ]
SQL: SELECT * FROM `comment` WHERE ( gid=1010 && status=1 )  [ RunTime:0.0000s ]
SQL: SELECT * FROM `comment` WHERE ( gid=1009 && status=1 )  [ RunTime:0.0010s ]
SQL: SELECT * FROM `comment` WHERE ( gid=1008 && status=1 )  [ RunTime:0.0000s ]
SQL: SELECT * FROM `comment` WHERE ( gid=1007 && status=1 )  [ RunTime:0.0000s ]
SQL: SELECT * FROM `comment` WHERE ( gid=1006 && status=1 )  [ RunTime:0.0010s ]
SQL: SELECT * FROM `comment` WHERE ( gid=1005 && status=1 )  [ RunTime:0.0000s ]
SQL: SELECT * FROM `comment` WHERE ( gid=1004 && status=1 )  [ RunTime:0.0000s ]
SQL: SELECT * FROM `comment` WHERE ( gid=1003 && status=1 )  [ RunTime:0.0010s ]
SQL: SELECT * FROM `comment` WHERE ( gid=1002 && status=1 )  [ RunTime:0.0000s ]
SQL: SELECT * FROM `comment` WHERE ( gid=1001 && status=1 )  [ RunTime:0.0000s ]
SQL: SELECT * FROM `comment` WHERE ( gid=1000 && status=1 )  [ RunTime:0.0000s ]
SQL: SELECT * FROM `comment` WHERE ( gid=998 && status=1 )  [ RunTime:0.0000s ]
SQL: SELECT * FROM `comment` WHERE ( gid=997 && status=1 )  [ RunTime:0.0000s ]
SQL: SELECT * FROM `comment` WHERE ( gid=996 && status=1 )  [ RunTime:0.0000s ]
SQL: SELECT * FROM `comment` WHERE ( gid=995 && status=1 )  [ RunTime:0.0000s ]
SQL: SELECT * FROM `comment` WHERE ( gid=994 && status=1 )  [ RunTime:0.0000s ]
SQL: SELECT * FROM `comment` WHERE ( gid=993 && status=1 )  [ RunTime:0.0000s ]
SQL: SELECT * FROM `comment` WHERE ( gid=991 && status=1 )  [ RunTime:0.0000s ]
SQL: SELECT * FROM `comment` WHERE ( gid=989 && status=1 )  [ RunTime:0.0010s ]
SQL: SELECT * FROM `comment` WHERE ( gid=988 && status=1 )  [ RunTime:0.0000s ]
SQL: SELECT * FROM `comment` WHERE ( gid=987 && status=1 )  [ RunTime:0.0000s ]
SQL: SELECT * FROM `comment` WHERE ( gid=986 && status=1 )  [ RunTime:0.0010s ]
SQL: SELECT * FROM `comment` WHERE ( gid=985 && status=1 )  [ RunTime:0.0000s ]
SQL: SELECT * FROM `comment` WHERE ( gid=984 && status=1 )  [ RunTime:0.0000s ]
SQL: SELECT * FROM `comment` WHERE ( gid=983 && status=1 )  [ RunTime:0.0010s ]
SQL: SELECT * FROM `comment` WHERE ( gid=982 && status=1 )  [ RunTime:0.0000s ]
SQL: SELECT * FROM `comment` WHERE ( gid=981 && status=1 )  [ RunTime:0.0000s ]
SQL: SELECT * FROM `comment` WHERE ( gid=980 && status=1 )  [ RunTime:0.0000s ]
SQL: SELECT * FROM `comment` WHERE ( gid=979 && status=1 )  [ RunTime:0.0000s ]
SQL: SELECT * FROM `comment` WHERE ( gid=978 && status=1 )  [ RunTime:0.0000s ]
SQL: SELECT * FROM `comment` WHERE ( gid=977 && status=1 )  [ RunTime:0.0000s ]
SQL: SELECT * FROM `comment` WHERE ( gid=976 && status=1 )  [ RunTime:0.0000s ]
SQL: SELECT * FROM `comment` WHERE ( gid=975 && status=1 )  [ RunTime:0.0000s ]
SQL: SELECT * FROM `comment` WHERE ( gid=974 && status=1 )  [ RunTime:0.0000s ]
SQL: SELECT * FROM `comment` WHERE ( gid=973 && status=1 )  [ RunTime:0.0000s ]
SQL: SELECT * FROM `comment` WHERE ( gid=972 && status=1 )  [ RunTime:0.0010s ]
SQL: SELECT * FROM `comment` WHERE ( gid=971 && status=1 )  [ RunTime:0.0000s ]
SQL: SELECT * FROM `goods` WHERE ( status=1 && fromwhere="jiukuaiyou" && end_time>"2015-10-31 10:28:47" ) ORDER BY gid desc LIMIT 5,5   [ RunTime:0.0010s ]
INFO: [ view_parse ] --START--
INFO: [ template_filter ] --START--
INFO: Run Behavior\ContentReplaceBehavior [ RunTime:0.000000s ]
INFO: [ template_filter ] --END-- [ RunTime:0.000000s ]
INFO: Run Behavior\ParseTemplateBehavior [ RunTime:0.022001s ]
INFO: [ view_parse ] --END-- [ RunTime:0.022001s ]
INFO: [ view_filter ] --START--
INFO: Run Behavior\WriteHtmlCacheBehavior [ RunTime:0.001000s ]
INFO: [ view_filter ] --END-- [ RunTime:0.001000s ]
INFO: [ app_end ] --START--
INFO: Run Behavior\ShowPageTraceBehavior [ RunTime:0.001001s ]
INFO: [ app_end ] --END-- [ RunTime:0.001001s ]

[ 2015-10-31T10:29:02+08:00 ] ::1 /Login
INFO: [ app_init ] --START--
INFO: Run Behavior\BuildLiteBehavior [ RunTime:0.000000s ]
INFO: [ app_init ] --END-- [ RunTime:0.000000s ]
INFO: [ app_begin ] --START--
INFO: Run Behavior\ReadHtmlCacheBehavior [ RunTime:0.001000s ]
INFO: [ app_begin ] --END-- [ RunTime:0.001000s ]
INFO: [ view_parse ] --START--
INFO: [ template_filter ] --START--
INFO: Run Behavior\ContentReplaceBehavior [ RunTime:0.010001s ]
INFO: [ template_filter ] --END-- [ RunTime:0.010001s ]
INFO: Run Behavior\ParseTemplateBehavior [ RunTime:0.033002s ]
INFO: [ view_parse ] --END-- [ RunTime:0.033002s ]
INFO: [ view_filter ] --START--
INFO: Run Behavior\WriteHtmlCacheBehavior [ RunTime:0.001000s ]
INFO: [ view_filter ] --END-- [ RunTime:0.001000s ]
INFO: [ app_end ] --START--
INFO: Run Behavior\ShowPageTraceBehavior [ RunTime:0.000000s ]
INFO: [ app_end ] --END-- [ RunTime:0.000000s ]

[ 2015-10-31T10:29:03+08:00 ] ::1 /Login/getVerify
INFO: [ app_init ] --START--
INFO: Run Behavior\BuildLiteBehavior [ RunTime:0.000000s ]
INFO: [ app_init ] --END-- [ RunTime:0.001000s ]
INFO: [ app_begin ] --START--
INFO: Run Behavior\ReadHtmlCacheBehavior [ RunTime:0.000000s ]
INFO: [ app_begin ] --END-- [ RunTime:0.000000s ]
INFO: [ app_end ] --START--
INFO: Run Behavior\ShowPageTraceBehavior [ RunTime:0.001000s ]
INFO: [ app_end ] --END-- [ RunTime:0.001000s ]

[ 2015-10-31T10:29:03+08:00 ] ::1 /favicon.ico
INFO: [ app_init ] --START--
INFO: Run Behavior\BuildLiteBehavior [ RunTime:0.000000s ]
INFO: [ app_init ] --END-- [ RunTime:0.001000s ]

[ 2015-10-31T10:29:17+08:00 ] ::1 /Login/doLogin
INFO: [ app_init ] --START--
INFO: Run Behavior\BuildLiteBehavior [ RunTime:0.000000s ]
INFO: [ app_init ] --END-- [ RunTime:0.000000s ]
INFO: [ app_begin ] --START--
INFO: Run Behavior\ReadHtmlCacheBehavior [ RunTime:0.001000s ]
INFO: [ app_begin ] --END-- [ RunTime:0.001000s ]
NOTIC: [8] A session had already been started - ignoring session_start() E:\xampp\htdocs\Yiyazhe\yiyazhe\Home\Controller\LoginController.class.php 第 16 行.
SQL: SHOW COLUMNS FROM `yuser` [ RunTime:0.0530s ]
SQL: SELECT `uid`,`username`,`figureurl`,`userpic` FROM `yuser` WHERE ( phone="18397410478" && password="adf4661fe6715ed47954193e68b63036" ) LIMIT 1   [ RunTime:0.0010s ]
SQL: UPDATE `yuser` SET `lastlogin`='2015-10-31 10:29:17' WHERE `uid` = 10 [ RunTime:0.0190s ]

[ 2015-10-31T10:29:17+08:00 ] ::1 /User
INFO: [ app_init ] --START--
INFO: Run Behavior\BuildLiteBehavior [ RunTime:0.000000s ]
INFO: [ app_init ] --END-- [ RunTime:0.000000s ]
INFO: [ app_begin ] --START--
INFO: Run Behavior\ReadHtmlCacheBehavior [ RunTime:0.001000s ]
INFO: [ app_begin ] --END-- [ RunTime:0.001000s ]
SQL: SHOW COLUMNS FROM `yuser` [ RunTime:0.0020s ]
SQL: SELECT `userpic`,`school`,`age`,`sex`,`qq`,`phone`,`username` FROM `yuser` WHERE ( uid=10 ) LIMIT 1   [ RunTime:0.0000s ]
INFO: [ view_parse ] --START--
INFO: [ template_filter ] --START--
INFO: Run Behavior\ContentReplaceBehavior [ RunTime:0.000000s ]
INFO: [ template_filter ] --END-- [ RunTime:0.000000s ]
INFO: Run Behavior\ParseTemplateBehavior [ RunTime:0.067004s ]
INFO: [ view_parse ] --END-- [ RunTime:0.067004s ]
INFO: [ view_filter ] --START--
INFO: Run Behavior\WriteHtmlCacheBehavior [ RunTime:0.000000s ]
INFO: [ view_filter ] --END-- [ RunTime:0.000000s ]
INFO: [ app_end ] --START--
INFO: Run Behavior\ShowPageTraceBehavior [ RunTime:0.001000s ]
INFO: [ app_end ] --END-- [ RunTime:0.001000s ]

[ 2015-10-31T10:29:18+08:00 ] ::1 /User
INFO: [ app_init ] --START--
INFO: Run Behavior\BuildLiteBehavior [ RunTime:0.000000s ]
INFO: [ app_init ] --END-- [ RunTime:0.000000s ]
INFO: [ app_begin ] --START--
INFO: Run Behavior\ReadHtmlCacheBehavior [ RunTime:0.000000s ]
INFO: [ app_begin ] --END-- [ RunTime:0.001000s ]
SQL: SHOW COLUMNS FROM `yuser` [ RunTime:0.0030s ]
SQL: SELECT `userpic`,`school`,`age`,`sex`,`qq`,`phone`,`username` FROM `yuser` WHERE ( uid=10 ) LIMIT 1   [ RunTime:0.0000s ]
INFO: [ view_parse ] --START--
INFO: [ template_filter ] --START--
INFO: Run Behavior\ContentReplaceBehavior [ RunTime:0.000000s ]
INFO: [ template_filter ] --END-- [ RunTime:0.001000s ]
INFO: Run Behavior\ParseTemplateBehavior [ RunTime:0.018001s ]
INFO: [ view_parse ] --END-- [ RunTime:0.018001s ]
INFO: [ view_filter ] --START--
INFO: Run Behavior\WriteHtmlCacheBehavior [ RunTime:0.001000s ]
INFO: [ view_filter ] --END-- [ RunTime:0.001000s ]
INFO: [ app_end ] --START--
INFO: Run Behavior\ShowPageTraceBehavior [ RunTime:0.001001s ]
INFO: [ app_end ] --END-- [ RunTime:0.001001s ]

[ 2015-10-31T10:29:18+08:00 ] ::1 /
INFO: [ app_init ] --START--
INFO: Run Behavior\BuildLiteBehavior [ RunTime:0.000000s ]
INFO: [ app_init ] --END-- [ RunTime:0.000000s ]
INFO: [ app_begin ] --START--
INFO: Run Behavior\ReadHtmlCacheBehavior [ RunTime:0.000000s ]
INFO: [ app_begin ] --END-- [ RunTime:0.000000s ]
SQL: SHOW COLUMNS FROM `goods` [ RunTime:0.0030s ]
SQL: SHOW COLUMNS FROM `goods` [ RunTime:0.0020s ]
SQL: SHOW COLUMNS FROM `comment` [ RunTime:0.0020s ]
SQL: SELECT COUNT(*) AS tp_count FROM `goods` WHERE ( status=1 && end_time>"2015-10-31 10:29:18" ) LIMIT 1   [ RunTime:0.0020s ]
SQL: SELECT `gid`,`title`,`class_id`,`price`,`oldprice`,`gurl`,`gimage`,`shop`,`delimg`,`detail`,`yishou`,`praise`,`dislike`,`comment` FROM `goods` WHERE ( status=1 && end_time>"2015-10-31 10:29:18" ) ORDER BY gid desc LIMIT 0,80   [ RunTime:0.0020s ]
SQL: SELECT * FROM `comment` WHERE ( gid=1056 && status=1 )  [ RunTime:0.0000s ]
SQL: SELECT * FROM `comment` WHERE ( gid=1055 && status=1 )  [ RunTime:0.0010s ]
SQL: SELECT * FROM `comment` WHERE ( gid=1054 && status=1 )  [ RunTime:0.0000s ]
SQL: SELECT * FROM `comment` WHERE ( gid=1053 && status=1 )  [ RunTime:0.0000s ]
SQL: SELECT * FROM `comment` WHERE ( gid=1052 && status=1 )  [ RunTime:0.0000s ]
SQL: SELECT * FROM `comment` WHERE ( gid=1050 && status=1 )  [ RunTime:0.0010s ]
SQL: SELECT * FROM `comment` WHERE ( gid=1049 && status=1 )  [ RunTime:0.0000s ]
SQL: SELECT * FROM `comment` WHERE ( gid=1047 && status=1 )  [ RunTime:0.0000s ]
SQL: SELECT * FROM `comment` WHERE ( gid=1046 && status=1 )  [ RunTime:0.0000s ]
SQL: SELECT * FROM `comment` WHERE ( gid=1045 && status=1 )  [ RunTime:0.0000s ]
SQL: SELECT * FROM `comment` WHERE ( gid=1044 && status=1 )  [ RunTime:0.0000s ]
SQL: SELECT * FROM `comment` WHERE ( gid=1043 && status=1 )  [ RunTime:0.0000s ]
SQL: SELECT * FROM `comment` WHERE ( gid=1042 && status=1 )  [ RunTime:0.0000s ]
SQL: SELECT * FROM `comment` WHERE ( gid=1041 && status=1 )  [ RunTime:0.0010s ]
SQL: SELECT * FROM `comment` WHERE ( gid=1039 && status=1 )  [ RunTime:0.0000s ]
SQL: SELECT * FROM `comment` WHERE ( gid=1038 && status=1 )  [ RunTime:0.0000s ]
SQL: SELECT * FROM `comment` WHERE ( gid=1037 && status=1 )  [ RunTime:0.0010s ]
SQL: SELECT * FROM `comment` WHERE ( gid=1036 && status=1 )  [ RunTime:0.0000s ]
SQL: SELECT * FROM `comment` WHERE ( gid=1035 && status=1 )  [ RunTime:0.0000s ]
SQL: SELECT * FROM `comment` WHERE ( gid=1034 && status=1 )  [ RunTime:0.0010s ]
SQL: SELECT * FROM `comment` WHERE ( gid=1033 && status=1 )  [ RunTime:0.0000s ]
SQL: SELECT * FROM `comment` WHERE ( gid=1032 && status=1 )  [ RunTime:0.0000s ]
SQL: SELECT * FROM `comment` WHERE ( gid=1031 && status=1 )  [ RunTime:0.0000s ]
SQL: SELECT * FROM `comment` WHERE ( gid=1030 && status=1 )  [ RunTime:0.0000s ]
SQL: SELECT * FROM `comment` WHERE ( gid=1029 && status=1 )  [ RunTime:0.0000s ]
SQL: SELECT * FROM `comment` WHERE ( gid=1028 && status=1 )  [ RunTime:0.0000s ]
SQL: SELECT * FROM `comment` WHERE ( gid=1027 && status=1 )  [ RunTime:0.0000s ]
SQL: SELECT * FROM `comment` WHERE ( gid=1026 && status=1 )  [ RunTime:0.0010s ]
SQL: SELECT * FROM `comment` WHERE ( gid=1025 && status=1 )  [ RunTime:0.0000s ]
SQL: SELECT * FROM `comment` WHERE ( gid=1024 && status=1 )  [ RunTime:0.0000s ]
SQL: SELECT * FROM `comment` WHERE ( gid=1023 && status=1 )  [ RunTime:0.0000s ]
SQL: SELECT * FROM `comment` WHERE ( gid=1022 && status=1 )  [ RunTime:0.0000s ]
SQL: SELECT * FROM `comment` WHERE ( gid=1021 && status=1 )  [ RunTime:0.0000s ]
SQL: SELECT * FROM `comment` WHERE ( gid=1020 && status=1 )  [ RunTime:0.0000s ]
SQL: SELECT * FROM `comment` WHERE ( gid=1019 && status=1 )  [ RunTime:0.0000s ]
SQL: SELECT * FROM `comment` WHERE ( gid=1018 && status=1 )  [ RunTime:0.0010s ]
SQL: SELECT * FROM `comment` WHERE ( gid=1017 && status=1 )  [ RunTime:0.0000s ]
SQL: SELECT * FROM `comment` WHERE ( gid=1016 && status=1 )  [ RunTime:0.0000s ]
SQL: SELECT * FROM `comment` WHERE ( gid=1015 && status=1 )  [ RunTime:0.0010s ]
SQL: SELECT * FROM `comment` WHERE ( gid=1014 && status=1 )  [ RunTime:0.0000s ]
SQL: SELECT * FROM `comment` WHERE ( gid=1013 && status=1 )  [ RunTime:0.0000s ]
SQL: SELECT * FROM `comment` WHERE ( gid=1012 && status=1 )  [ RunTime:0.0010s ]
SQL: SELECT * FROM `comment` WHERE ( gid=1011 && status=1 )  [ RunTime:0.0000s ]
SQL: SELECT * FROM `comment` WHERE ( gid=1010 && status=1 )  [ RunTime:0.0000s ]
SQL: SELECT * FROM `comment` WHERE ( gid=1009 && status=1 )  [ RunTime:0.0010s ]
SQL: SELECT * FROM `comment` WHERE ( gid=1008 && status=1 )  [ RunTime:0.0000s ]
SQL: SELECT * FROM `comment` WHERE ( gid=1007 && status=1 )  [ RunTime:0.0000s ]
SQL: SELECT * FROM `comment` WHERE ( gid=1006 && status=1 )  [ RunTime:0.0000s ]
SQL: SELECT * FROM `comment` WHERE ( gid=1005 && status=1 )  [ RunTime:0.0000s ]
SQL: SELECT * FROM `comment` WHERE ( gid=1004 && status=1 )  [ RunTime:0.0000s ]
SQL: SELECT * FROM `comment` WHERE ( gid=1003 && status=1 )  [ RunTime:0.0000s ]
SQL: SELECT * FROM `comment` WHERE ( gid=1002 && status=1 )  [ RunTime:0.0000s ]
SQL: SELECT * FROM `comment` WHERE ( gid=1001 && status=1 )  [ RunTime:0.0010s ]
SQL: SELECT * FROM `comment` WHERE ( gid=1000 && status=1 )  [ RunTime:0.0000s ]
SQL: SELECT * FROM `comment` WHERE ( gid=998 && status=1 )  [ RunTime:0.0000s ]
SQL: SELECT * FROM `comment` WHERE ( gid=997 && status=1 )  [ RunTime:0.0010s ]
SQL: SELECT * FROM `comment` WHERE ( gid=996 && status=1 )  [ RunTime:0.0000s ]
SQL: SELECT * FROM `comment` WHERE ( gid=995 && status=1 )  [ RunTime:0.0000s ]
SQL: SELECT * FROM `comment` WHERE ( gid=994 && status=1 )  [ RunTime:0.0010s ]
SQL: SELECT * FROM `comment` WHERE ( gid=993 && status=1 )  [ RunTime:0.0000s ]
SQL: SELECT * FROM `comment` WHERE ( gid=991 && status=1 )  [ RunTime:0.0000s ]
SQL: SELECT * FROM `comment` WHERE ( gid=989 && status=1 )  [ RunTime:0.0010s ]
SQL: SELECT * FROM `comment` WHERE ( gid=988 && status=1 )  [ RunTime:0.0000s ]
SQL: SELECT * FROM `comment` WHERE ( gid=987 && status=1 )  [ RunTime:0.0000s ]
SQL: SELECT * FROM `comment` WHERE ( gid=986 && status=1 )  [ RunTime:0.0000s ]
SQL: SELECT * FROM `comment` WHERE ( gid=985 && status=1 )  [ RunTime:0.0000s ]
SQL: SELECT * FROM `comment` WHERE ( gid=984 && status=1 )  [ RunTime:0.0000s ]
SQL: SELECT * FROM `comment` WHERE ( gid=983 && status=1 )  [ RunTime:0.0000s ]
SQL: SELECT * FROM `comment` WHERE ( gid=982 && status=1 )  [ RunTime:0.0000s ]
SQL: SELECT * FROM `comment` WHERE ( gid=981 && status=1 )  [ RunTime:0.0010s ]
SQL: SELECT * FROM `comment` WHERE ( gid=980 && status=1 )  [ RunTime:0.0000s ]
SQL: SELECT * FROM `comment` WHERE ( gid=979 && status=1 )  [ RunTime:0.0000s ]
SQL: SELECT * FROM `comment` WHERE ( gid=978 && status=1 )  [ RunTime:0.0010s ]
SQL: SELECT * FROM `comment` WHERE ( gid=977 && status=1 )  [ RunTime:0.0000s ]
SQL: SELECT * FROM `comment` WHERE ( gid=976 && status=1 )  [ RunTime:0.0000s ]
SQL: SELECT * FROM `comment` WHERE ( gid=975 && status=1 )  [ RunTime:0.0000s ]
SQL: SELECT * FROM `comment` WHERE ( gid=974 && status=1 )  [ RunTime:0.0000s ]
SQL: SELECT * FROM `comment` WHERE ( gid=973 && status=1 )  [ RunTime:0.0010s ]
SQL: SELECT * FROM `comment` WHERE ( gid=972 && status=1 )  [ RunTime:0.0000s ]
SQL: SELECT * FROM `comment` WHERE ( gid=971 && status=1 )  [ RunTime:0.0000s ]
SQL: SELECT * FROM `goods` WHERE ( status=1 && fromwhere="jiukuaiyou" && end_time>"2015-10-31 10:29:18" ) ORDER BY gid desc LIMIT 5,5   [ RunTime:0.0010s ]
INFO: [ view_parse ] --START--
INFO: [ template_filter ] --START--
INFO: Run Behavior\ContentReplaceBehavior [ RunTime:0.000000s ]
INFO: [ template_filter ] --END-- [ RunTime:0.000000s ]
INFO: Run Behavior\ParseTemplateBehavior [ RunTime:0.024001s ]
INFO: [ view_parse ] --END-- [ RunTime:0.024001s ]
INFO: [ view_filter ] --START--
INFO: Run Behavior\WriteHtmlCacheBehavior [ RunTime:0.000000s ]
INFO: [ view_filter ] --END-- [ RunTime:0.000000s ]
INFO: [ app_end ] --START--
INFO: Run Behavior\ShowPageTraceBehavior [ RunTime:0.001000s ]
INFO: [ app_end ] --END-- [ RunTime:0.002000s ]

[ 2015-10-31T10:29:21+08:00 ] ::1 /
INFO: [ app_init ] --START--
INFO: Run Behavior\BuildLiteBehavior [ RunTime:0.000000s ]
INFO: [ app_init ] --END-- [ RunTime:0.001000s ]
INFO: [ app_begin ] --START--
INFO: Run Behavior\ReadHtmlCacheBehavior [ RunTime:0.001000s ]
INFO: [ app_begin ] --END-- [ RunTime:0.001000s ]
SQL: SHOW COLUMNS FROM `goods` [ RunTime:0.0030s ]
SQL: SHOW COLUMNS FROM `goods` [ RunTime:0.0030s ]
SQL: SHOW COLUMNS FROM `comment` [ RunTime:0.0030s ]
SQL: SELECT COUNT(*) AS tp_count FROM `goods` WHERE ( status=1 && end_time>"2015-10-31 10:29:21" ) LIMIT 1   [ RunTime:0.0020s ]
SQL: SELECT `gid`,`title`,`class_id`,`price`,`oldprice`,`gurl`,`gimage`,`shop`,`delimg`,`detail`,`yishou`,`praise`,`dislike`,`comment` FROM `goods` WHERE ( status=1 && end_time>"2015-10-31 10:29:21" ) ORDER BY gid desc LIMIT 0,80   [ RunTime:0.0020s ]
SQL: SELECT * FROM `comment` WHERE ( gid=1056 && status=1 )  [ RunTime:0.0000s ]
SQL: SELECT * FROM `comment` WHERE ( gid=1055 && status=1 )  [ RunTime:0.0000s ]
SQL: SELECT * FROM `comment` WHERE ( gid=1054 && status=1 )  [ RunTime:0.0000s ]
SQL: SELECT * FROM `comment` WHERE ( gid=1053 && status=1 )  [ RunTime:0.0000s ]
SQL: SELECT * FROM `comment` WHERE ( gid=1052 && status=1 )  [ RunTime:0.0010s ]
SQL: SELECT * FROM `comment` WHERE ( gid=1050 && status=1 )  [ RunTime:0.0000s ]
SQL: SELECT * FROM `comment` WHERE ( gid=1049 && status=1 )  [ RunTime:0.0010s ]
SQL: SELECT * FROM `comment` WHERE ( gid=1047 && status=1 )  [ RunTime:0.0000s ]
SQL: SELECT * FROM `comment` WHERE ( gid=1046 && status=1 )  [ RunTime:0.0000s ]
SQL: SELECT * FROM `comment` WHERE ( gid=1045 && status=1 )  [ RunTime:0.0010s ]
SQL: SELECT * FROM `comment` WHERE ( gid=1044 && status=1 )  [ RunTime:0.0000s ]
SQL: SELECT * FROM `comment` WHERE ( gid=1043 && status=1 )  [ RunTime:0.0010s ]
SQL: SELECT * FROM `comment` WHERE ( gid=1042 && status=1 )  [ RunTime:0.0000s ]
SQL: SELECT * FROM `comment` WHERE ( gid=1041 && status=1 )  [ RunTime:0.0000s ]
SQL: SELECT * FROM `comment` WHERE ( gid=1039 && status=1 )  [ RunTime:0.0000s ]
SQL: SELECT * FROM `comment` WHERE ( gid=1038 && status=1 )  [ RunTime:0.0000s ]
SQL: SELECT * FROM `comment` WHERE ( gid=1037 && status=1 )  [ RunTime:0.0010s ]
SQL: SELECT * FROM `comment` WHERE ( gid=1036 && status=1 )  [ RunTime:0.0000s ]
SQL: SELECT * FROM `comment` WHERE ( gid=1035 && status=1 )  [ RunTime:0.0000s ]
SQL: SELECT * FROM `comment` WHERE ( gid=1034 && status=1 )  [ RunTime:0.0000s ]
SQL: SELECT * FROM `comment` WHERE ( gid=1033 && status=1 )  [ RunTime:0.0010s ]
SQL: SELECT * FROM `comment` WHERE ( gid=1032 && status=1 )  [ RunTime:0.0000s ]
SQL: SELECT * FROM `comment` WHERE ( gid=1031 && status=1 )  [ RunTime:0.0000s ]
SQL: SELECT * FROM `comment` WHERE ( gid=1030 && status=1 )  [ RunTime:0.0010s ]
SQL: SELECT * FROM `comment` WHERE ( gid=1029 && status=1 )  [ RunTime:0.0000s ]
SQL: SELECT * FROM `comment` WHERE ( gid=1028 && status=1 )  [ RunTime:0.0010s ]
SQL: SELECT * FROM `comment` WHERE ( gid=1027 && status=1 )  [ RunTime:0.0000s ]
SQL: SELECT * FROM `comment` WHERE ( gid=1026 && status=1 )  [ RunTime:0.0000s ]
SQL: SELECT * FROM `comment` WHERE ( gid=1025 && status=1 )  [ RunTime:0.0000s ]
SQL: SELECT * FROM `comment` WHERE ( gid=1024 && status=1 )  [ RunTime:0.0000s ]
SQL: SELECT * FROM `comment` WHERE ( gid=1023 && status=1 )  [ RunTime:0.0000s ]
SQL: SELECT * FROM `comment` WHERE ( gid=1022 && status=1 )  [ RunTime:0.0000s ]
SQL: SELECT * FROM `comment` WHERE ( gid=1021 && status=1 )  [ RunTime:0.0010s ]
SQL: SELECT * FROM `comment` WHERE ( gid=1020 && status=1 )  [ RunTime:0.0000s ]
SQL: SELECT * FROM `comment` WHERE ( gid=1019 && status=1 )  [ RunTime:0.0000s ]
SQL: SELECT * FROM `comment` WHERE ( gid=1018 && status=1 )  [ RunTime:0.0000s ]
SQL: SELECT * FROM `comment` WHERE ( gid=1017 && status=1 )  [ RunTime:0.0000s ]
SQL: SELECT * FROM `comment` WHERE ( gid=1016 && status=1 )  [ RunTime:0.0010s ]
SQL: SELECT * FROM `comment` WHERE ( gid=1015 && status=1 )  [ RunTime:0.0000s ]
SQL: SELECT * FROM `comment` WHERE ( gid=1014 && status=1 )  [ RunTime:0.0000s ]
SQL: SELECT * FROM `comment` WHERE ( gid=1013 && status=1 )  [ RunTime:0.0000s ]
SQL: SELECT * FROM `comment` WHERE ( gid=1012 && status=1 )  [ RunTime:0.0000s ]
SQL: SELECT * FROM `comment` WHERE ( gid=1011 && status=1 )  [ RunTime:0.0010s ]
SQL: SELECT * FROM `comment` WHERE ( gid=1010 && status=1 )  [ RunTime:0.0000s ]
SQL: SELECT * FROM `comment` WHERE ( gid=1009 && status=1 )  [ RunTime:0.0010s ]
SQL: SELECT * FROM `comment` WHERE ( gid=1008 && status=1 )  [ RunTime:0.0000s ]
SQL: SELECT * FROM `comment` WHERE ( gid=1007 && status=1 )  [ RunTime:0.0010s ]
SQL: SELECT * FROM `comment` WHERE ( gid=1006 && status=1 )  [ RunTime:0.0000s ]
SQL: SELECT * FROM `comment` WHERE ( gid=1005 && status=1 )  [ RunTime:0.0010s ]
SQL: SELECT * FROM `comment` WHERE ( gid=1004 && status=1 )  [ RunTime:0.0000s ]
SQL: SELECT * FROM `comment` WHERE ( gid=1003 && status=1 )  [ RunTime:0.0010s ]
SQL: SELECT * FROM `comment` WHERE ( gid=1002 && status=1 )  [ RunTime:0.0000s ]
SQL: SELECT * FROM `comment` WHERE ( gid=1001 && status=1 )  [ RunTime:0.0000s ]
SQL: SELECT * FROM `comment` WHERE ( gid=1000 && status=1 )  [ RunTime:0.0010s ]
SQL: SELECT * FROM `comment` WHERE ( gid=998 && status=1 )  [ RunTime:0.0000s ]
SQL: SELECT * FROM `comment` WHERE ( gid=997 && status=1 )  [ RunTime:0.0010s ]
SQL: SELECT * FROM `comment` WHERE ( gid=996 && status=1 )  [ RunTime:0.0000s ]
SQL: SELECT * FROM `comment` WHERE ( gid=995 && status=1 )  [ RunTime:0.0010s ]
SQL: SELECT * FROM `comment` WHERE ( gid=994 && status=1 )  [ RunTime:0.0000s ]
SQL: SELECT * FROM `comment` WHERE ( gid=993 && status=1 )  [ RunTime:0.0010s ]
SQL: SELECT * FROM `comment` WHERE ( gid=991 && status=1 )  [ RunTime:0.0000s ]
SQL: SELECT * FROM `comment` WHERE ( gid=989 && status=1 )  [ RunTime:0.0010s ]
SQL: SELECT * FROM `comment` WHERE ( gid=988 && status=1 )  [ RunTime:0.0000s ]
SQL: SELECT * FROM `comment` WHERE ( gid=987 && status=1 )  [ RunTime:0.0000s ]
SQL: SELECT * FROM `comment` WHERE ( gid=986 && status=1 )  [ RunTime:0.0000s ]
SQL: SELECT * FROM `comment` WHERE ( gid=985 && status=1 )  [ RunTime:0.0000s ]
SQL: SELECT * FROM `comment` WHERE ( gid=984 && status=1 )  [ RunTime:0.0000s ]
SQL: SELECT * FROM `comment` WHERE ( gid=983 && status=1 )  [ RunTime:0.0000s ]
SQL: SELECT * FROM `comment` WHERE ( gid=982 && status=1 )  [ RunTime:0.0000s ]
SQL: SELECT * FROM `comment` WHERE ( gid=981 && status=1 )  [ RunTime:0.0010s ]
SQL: SELECT * FROM `comment` WHERE ( gid=980 && status=1 )  [ RunTime:0.0000s ]
SQL: SELECT * FROM `comment` WHERE ( gid=979 && status=1 )  [ RunTime:0.0000s ]
SQL: SELECT * FROM `comment` WHERE ( gid=978 && status=1 )  [ RunTime:0.0000s ]
SQL: SELECT * FROM `comment` WHERE ( gid=977 && status=1 )  [ RunTime:0.0010s ]
SQL: SELECT * FROM `comment` WHERE ( gid=976 && status=1 )  [ RunTime:0.0000s ]
SQL: SELECT * FROM `comment` WHERE ( gid=975 && status=1 )  [ RunTime:0.0010s ]
SQL: SELECT * FROM `comment` WHERE ( gid=974 && status=1 )  [ RunTime:0.0000s ]
SQL: SELECT * FROM `comment` WHERE ( gid=973 && status=1 )  [ RunTime:0.0000s ]
SQL: SELECT * FROM `comment` WHERE ( gid=972 && status=1 )  [ RunTime:0.0010s ]
SQL: SELECT * FROM `comment` WHERE ( gid=971 && status=1 )  [ RunTime:0.0000s ]
SQL: SELECT * FROM `goods` WHERE ( status=1 && fromwhere="jiukuaiyou" && end_time>"2015-10-31 10:29:21" ) ORDER BY gid desc LIMIT 5,5   [ RunTime:0.0010s ]
INFO: [ view_parse ] --START--
INFO: [ template_filter ] --START--
INFO: Run Behavior\ContentReplaceBehavior [ RunTime:0.001000s ]
INFO: [ template_filter ] --END-- [ RunTime:0.001000s ]
INFO: Run Behavior\ParseTemplateBehavior [ RunTime:0.023001s ]
INFO: [ view_parse ] --END-- [ RunTime:0.023001s ]
INFO: [ view_filter ] --START--
INFO: Run Behavior\WriteHtmlCacheBehavior [ RunTime:0.000000s ]
INFO: [ view_filter ] --END-- [ RunTime:0.000000s ]
INFO: [ app_end ] --START--
INFO: Run Behavior\ShowPageTraceBehavior [ RunTime:0.001000s ]
INFO: [ app_end ] --END-- [ RunTime:0.001000s ]

[ 2015-10-31T10:29:22+08:00 ] ::1 /
INFO: [ app_init ] --START--
INFO: Run Behavior\BuildLiteBehavior [ RunTime:0.000000s ]
INFO: [ app_init ] --END-- [ RunTime:0.000000s ]
INFO: [ app_begin ] --START--
INFO: Run Behavior\ReadHtmlCacheBehavior [ RunTime:0.001000s ]
INFO: [ app_begin ] --END-- [ RunTime:0.001000s ]
SQL: SHOW COLUMNS FROM `goods` [ RunTime:0.0030s ]
SQL: SHOW COLUMNS FROM `goods` [ RunTime:0.0030s ]
SQL: SHOW COLUMNS FROM `comment` [ RunTime:0.0020s ]
SQL: SELECT COUNT(*) AS tp_count FROM `goods` WHERE ( status=1 && end_time>"2015-10-31 10:29:22" ) LIMIT 1   [ RunTime:0.0020s ]
SQL: SELECT `gid`,`title`,`class_id`,`price`,`oldprice`,`gurl`,`gimage`,`shop`,`delimg`,`detail`,`yishou`,`praise`,`dislike`,`comment` FROM `goods` WHERE ( status=1 && end_time>"2015-10-31 10:29:22" ) ORDER BY gid desc LIMIT 0,80   [ RunTime:0.0020s ]
SQL: SELECT * FROM `comment` WHERE ( gid=1056 && status=1 )  [ RunTime:0.0000s ]
SQL: SELECT * FROM `comment` WHERE ( gid=1055 && status=1 )  [ RunTime:0.0010s ]
SQL: SELECT * FROM `comment` WHERE ( gid=1054 && status=1 )  [ RunTime:0.0000s ]
SQL: SELECT * FROM `comment` WHERE ( gid=1053 && status=1 )  [ RunTime:0.0000s ]
SQL: SELECT * FROM `comment` WHERE ( gid=1052 && status=1 )  [ RunTime:0.0000s ]
SQL: SELECT * FROM `comment` WHERE ( gid=1050 && status=1 )  [ RunTime:0.0000s ]
SQL: SELECT * FROM `comment` WHERE ( gid=1049 && status=1 )  [ RunTime:0.0000s ]
SQL: SELECT * FROM `comment` WHERE ( gid=1047 && status=1 )  [ RunTime:0.0000s ]
SQL: SELECT * FROM `comment` WHERE ( gid=1046 && status=1 )  [ RunTime:0.0000s ]
SQL: SELECT * FROM `comment` WHERE ( gid=1045 && status=1 )  [ RunTime:0.0010s ]
SQL: SELECT * FROM `comment` WHERE ( gid=1044 && status=1 )  [ RunTime:0.0000s ]
SQL: SELECT * FROM `comment` WHERE ( gid=1043 && status=1 )  [ RunTime:0.0000s ]
SQL: SELECT * FROM `comment` WHERE ( gid=1042 && status=1 )  [ RunTime:0.0000s ]
SQL: SELECT * FROM `comment` WHERE ( gid=1041 && status=1 )  [ RunTime:0.0000s ]
SQL: SELECT * FROM `comment` WHERE ( gid=1039 && status=1 )  [ RunTime:0.0010s ]
SQL: SELECT * FROM `comment` WHERE ( gid=1038 && status=1 )  [ RunTime:0.0000s ]
SQL: SELECT * FROM `comment` WHERE ( gid=1037 && status=1 )  [ RunTime:0.0000s ]
SQL: SELECT * FROM `comment` WHERE ( gid=1036 && status=1 )  [ RunTime:0.0000s ]
SQL: SELECT * FROM `comment` WHERE ( gid=1035 && status=1 )  [ RunTime:0.0000s ]
SQL: SELECT * FROM `comment` WHERE ( gid=1034 && status=1 )  [ RunTime:0.0010s ]
SQL: SELECT * FROM `comment` WHERE ( gid=1033 && status=1 )  [ RunTime:0.0000s ]
SQL: SELECT * FROM `comment` WHERE ( gid=1032 && status=1 )  [ RunTime:0.0000s ]
SQL: SELECT * FROM `comment` WHERE ( gid=1031 && status=1 )  [ RunTime:0.0010s ]
SQL: SELECT * FROM `comment` WHERE ( gid=1030 && status=1 )  [ RunTime:0.0000s ]
SQL: SELECT * FROM `comment` WHERE ( gid=1029 && status=1 )  [ RunTime:0.0000s ]
SQL: SELECT * FROM `comment` WHERE ( gid=1028 && status=1 )  [ RunTime:0.0010s ]
SQL: SELECT * FROM `comment` WHERE ( gid=1027 && status=1 )  [ RunTime:0.0000s ]
SQL: SELECT * FROM `comment` WHERE ( gid=1026 && status=1 )  [ RunTime:0.0000s ]
SQL: SELECT * FROM `comment` WHERE ( gid=1025 && status=1 )  [ RunTime:0.0000s ]
SQL: SELECT * FROM `comment` WHERE ( gid=1024 && status=1 )  [ RunTime:0.0000s ]
SQL: SELECT * FROM `comment` WHERE ( gid=1023 && status=1 )  [ RunTime:0.0000s ]
SQL: SELECT * FROM `comment` WHERE ( gid=1022 && status=1 )  [ RunTime:0.0000s ]
SQL: SELECT * FROM `comment` WHERE ( gid=1021 && status=1 )  [ RunTime:0.0000s ]
SQL: SELECT * FROM `comment` WHERE ( gid=1020 && status=1 )  [ RunTime:0.0010s ]
SQL: SELECT * FROM `comment` WHERE ( gid=1019 && status=1 )  [ RunTime:0.0000s ]
SQL: SELECT * FROM `comment` WHERE ( gid=1018 && status=1 )  [ RunTime:0.0000s ]
SQL: SELECT * FROM `comment` WHERE ( gid=1017 && status=1 )  [ RunTime:0.0000s ]
SQL: SELECT * FROM `comment` WHERE ( gid=1016 && status=1 )  [ RunTime:0.0000s ]
SQL: SELECT * FROM `comment` WHERE ( gid=1015 && status=1 )  [ RunTime:0.0010s ]
SQL: SELECT * FROM `comment` WHERE ( gid=1014 && status=1 )  [ RunTime:0.0000s ]
SQL: SELECT * FROM `comment` WHERE ( gid=1013 && status=1 )  [ RunTime:0.0010s ]
SQL: SELECT * FROM `comment` WHERE ( gid=1012 && status=1 )  [ RunTime:0.0000s ]
SQL: SELECT * FROM `comment` WHERE ( gid=1011 && status=1 )  [ RunTime:0.0000s ]
SQL: SELECT * FROM `comment` WHERE ( gid=1010 && status=1 )  [ RunTime:0.0000s ]
SQL: SELECT * FROM `comment` WHERE ( gid=1009 && status=1 )  [ RunTime:0.0000s ]
SQL: SELECT * FROM `comment` WHERE ( gid=1008 && status=1 )  [ RunTime:0.0010s ]
SQL: SELECT * FROM `comment` WHERE ( gid=1007 && status=1 )  [ RunTime:0.0000s ]
SQL: SELECT * FROM `comment` WHERE ( gid=1006 && status=1 )  [ RunTime:0.0000s ]
SQL: SELECT * FROM `comment` WHERE ( gid=1005 && status=1 )  [ RunTime:0.0000s ]
SQL: SELECT * FROM `comment` WHERE ( gid=1004 && status=1 )  [ RunTime:0.0000s ]
SQL: SELECT * FROM `comment` WHERE ( gid=1003 && status=1 )  [ RunTime:0.0000s ]
SQL: SELECT * FROM `comment` WHERE ( gid=1002 && status=1 )  [ RunTime:0.0000s ]
SQL: SELECT * FROM `comment` WHERE ( gid=1001 && status=1 )  [ RunTime:0.0000s ]
SQL: SELECT * FROM `comment` WHERE ( gid=1000 && status=1 )  [ RunTime:0.0010s ]
SQL: SELECT * FROM `comment` WHERE ( gid=998 && status=1 )  [ RunTime:0.0000s ]
SQL: SELECT * FROM `comment` WHERE ( gid=997 && status=1 )  [ RunTime:0.0000s ]
SQL: SELECT * FROM `comment` WHERE ( gid=996 && status=1 )  [ RunTime:0.0000s ]
SQL: SELECT * FROM `comment` WHERE ( gid=995 && status=1 )  [ RunTime:0.0000s ]
SQL: SELECT * FROM `comment` WHERE ( gid=994 && status=1 )  [ RunTime:0.0010s ]
SQL: SELECT * FROM `comment` WHERE ( gid=993 && status=1 )  [ RunTime:0.0000s ]
SQL: SELECT * FROM `comment` WHERE ( gid=991 && status=1 )  [ RunTime:0.0000s ]
SQL: SELECT * FROM `comment` WHERE ( gid=989 && status=1 )  [ RunTime:0.0010s ]
SQL: SELECT * FROM `comment` WHERE ( gid=988 && status=1 )  [ RunTime:0.0000s ]
SQL: SELECT * FROM `comment` WHERE ( gid=987 && status=1 )  [ RunTime:0.0000s ]
SQL: SELECT * FROM `comment` WHERE ( gid=986 && status=1 )  [ RunTime:0.0010s ]
SQL: SELECT * FROM `comment` WHERE ( gid=985 && status=1 )  [ RunTime:0.0000s ]
SQL: SELECT * FROM `comment` WHERE ( gid=984 && status=1 )  [ RunTime:0.0000s ]
SQL: SELECT * FROM `comment` WHERE ( gid=983 && status=1 )  [ RunTime:0.0000s ]
SQL: SELECT * FROM `comment` WHERE ( gid=982 && status=1 )  [ RunTime:0.0000s ]
SQL: SELECT * FROM `comment` WHERE ( gid=981 && status=1 )  [ RunTime:0.0000s ]
SQL: SELECT * FROM `comment` WHERE ( gid=980 && status=1 )  [ RunTime:0.0000s ]
SQL: SELECT * FROM `comment` WHERE ( gid=979 && status=1 )  [ RunTime:0.0000s ]
SQL: SELECT * FROM `comment` WHERE ( gid=978 && status=1 )  [ RunTime:0.0000s ]
SQL: SELECT * FROM `comment` WHERE ( gid=977 && status=1 )  [ RunTime:0.0000s ]
SQL: SELECT * FROM `comment` WHERE ( gid=976 && status=1 )  [ RunTime:0.0000s ]
SQL: SELECT * FROM `comment` WHERE ( gid=975 && status=1 )  [ RunTime:0.0010s ]
SQL: SELECT * FROM `comment` WHERE ( gid=974 && status=1 )  [ RunTime:0.0000s ]
SQL: SELECT * FROM `comment` WHERE ( gid=973 && status=1 )  [ RunTime:0.0010s ]
SQL: SELECT * FROM `comment` WHERE ( gid=972 && status=1 )  [ RunTime:0.0000s ]
SQL: SELECT * FROM `comment` WHERE ( gid=971 && status=1 )  [ RunTime:0.0000s ]
SQL: SELECT * FROM `goods` WHERE ( status=1 && fromwhere="jiukuaiyou" && end_time>"2015-10-31 10:29:22" ) ORDER BY gid desc LIMIT 5,5   [ RunTime:0.0010s ]
INFO: [ view_parse ] --START--
INFO: [ template_filter ] --START--
INFO: Run Behavior\ContentReplaceBehavior [ RunTime:0.000000s ]
INFO: [ template_filter ] --END-- [ RunTime:0.000000s ]
INFO: Run Behavior\ParseTemplateBehavior [ RunTime:0.023001s ]
INFO: [ view_parse ] --END-- [ RunTime:0.023001s ]
INFO: [ view_filter ] --START--
INFO: Run Behavior\WriteHtmlCacheBehavior [ RunTime:0.000000s ]
INFO: [ view_filter ] --END-- [ RunTime:0.000000s ]
INFO: [ app_end ] --START--
INFO: Run Behavior\ShowPageTraceBehavior [ RunTime:0.001000s ]
INFO: [ app_end ] --END-- [ RunTime:0.001000s ]

[ 2015-10-31T10:29:36+08:00 ] ::1 /Index/comment
INFO: [ app_init ] --START--
INFO: Run Behavior\BuildLiteBehavior [ RunTime:0.000000s ]
INFO: [ app_init ] --END-- [ RunTime:0.001000s ]
INFO: [ app_begin ] --START--
INFO: Run Behavior\ReadHtmlCacheBehavior [ RunTime:0.000000s ]
INFO: [ app_begin ] --END-- [ RunTime:0.000000s ]
SQL: SHOW COLUMNS FROM `comment` [ RunTime:0.0030s ]
SQL: SHOW COLUMNS FROM `goods` [ RunTime:0.0020s ]
SQL: SELECT * FROM `comment` WHERE ( gid=1054 && uid=10 ) LIMIT 1   [ RunTime:0.0000s ]
SQL: INSERT INTO `comment` (`uid`,`gid`,`content`,`username`) VALUES ('10','1054','这个面膜不错不错很不错的','何虎平') [ RunTime:0.0000s ]
SQL: UPDATE `goods` SET `comment`=comment+1 WHERE ( gid=1054 ) [ RunTime:0.0570s ]

[ 2015-10-31T10:29:38+08:00 ] ::1 /user/comment
INFO: [ app_init ] --START--
INFO: Run Behavior\BuildLiteBehavior [ RunTime:0.000000s ]
INFO: [ app_init ] --END-- [ RunTime:0.000000s ]
INFO: [ app_begin ] --START--
INFO: Run Behavior\ReadHtmlCacheBehavior [ RunTime:0.001000s ]
INFO: [ app_begin ] --END-- [ RunTime:0.001000s ]
SQL: SHOW COLUMNS FROM `comment` [ RunTime:0.0030s ]
SQL: select cid from comment where uid=10 && status=0 order by addtime asc limit 0,20 [ RunTime:0.0010s ]
SQL: select count(*) from comment where uid=10 && status=0 order by addtime asc [ RunTime:0.0000s ]
SQL: select goods.gid, goods.title, goods.price, goods.oldprice, goods.gimage, goods.gurl,
						comment.cid, comment.content, comment.addtime from comment left join goods on comment.gid
						= goods.gid where cid=27 [ RunTime:0.0000s ]
SQL: select goods.gid, goods.title, goods.price, goods.oldprice, goods.gimage, goods.gurl,
						comment.cid, comment.content, comment.addtime from comment left join goods on comment.gid
						= goods.gid where cid=37 [ RunTime:0.0010s ]
SQL: select goods.gid, goods.title, goods.price, goods.oldprice, goods.gimage, goods.gurl,
						comment.cid, comment.content, comment.addtime from comment left join goods on comment.gid
						= goods.gid where cid=38 [ RunTime:0.0000s ]
SQL: select goods.gid, goods.title, goods.price, goods.oldprice, goods.gimage, goods.gurl,
						comment.cid, comment.content, comment.addtime from comment left join goods on comment.gid
						= goods.gid where cid=39 [ RunTime:0.0010s ]
SQL: select goods.gid, goods.title, goods.price, goods.oldprice, goods.gimage, goods.gurl,
						comment.cid, comment.content, comment.addtime from comment left join goods on comment.gid
						= goods.gid where cid=40 [ RunTime:0.0000s ]
INFO: [ view_parse ] --START--
INFO: [ template_filter ] --START--
INFO: Run Behavior\ContentReplaceBehavior [ RunTime:0.000000s ]
INFO: [ template_filter ] --END-- [ RunTime:0.001000s ]
INFO: Run Behavior\ParseTemplateBehavior [ RunTime:0.018001s ]
INFO: [ view_parse ] --END-- [ RunTime:0.018001s ]
INFO: [ view_filter ] --START--
INFO: Run Behavior\WriteHtmlCacheBehavior [ RunTime:0.001000s ]
INFO: [ view_filter ] --END-- [ RunTime:0.001000s ]
INFO: [ app_end ] --START--
INFO: Run Behavior\ShowPageTraceBehavior [ RunTime:0.001000s ]
INFO: [ app_end ] --END-- [ RunTime:0.001000s ]

[ 2015-10-31T10:29:39+08:00 ] ::1 /user/comment
INFO: [ app_init ] --START--
INFO: Run Behavior\BuildLiteBehavior [ RunTime:0.000000s ]
INFO: [ app_init ] --END-- [ RunTime:0.000000s ]
INFO: [ app_begin ] --START--
INFO: Run Behavior\ReadHtmlCacheBehavior [ RunTime:0.001000s ]
INFO: [ app_begin ] --END-- [ RunTime:0.001000s ]
SQL: SHOW COLUMNS FROM `comment` [ RunTime:0.0040s ]
SQL: select cid from comment where uid=10 && status=0 order by addtime asc limit 0,20 [ RunTime:0.0000s ]
SQL: select count(*) from comment where uid=10 && status=0 order by addtime asc [ RunTime:0.0000s ]
SQL: select goods.gid, goods.title, goods.price, goods.oldprice, goods.gimage, goods.gurl,
						comment.cid, comment.content, comment.addtime from comment left join goods on comment.gid
						= goods.gid where cid=27 [ RunTime:0.0000s ]
SQL: select goods.gid, goods.title, goods.price, goods.oldprice, goods.gimage, goods.gurl,
						comment.cid, comment.content, comment.addtime from comment left join goods on comment.gid
						= goods.gid where cid=37 [ RunTime:0.0010s ]
SQL: select goods.gid, goods.title, goods.price, goods.oldprice, goods.gimage, goods.gurl,
						comment.cid, comment.content, comment.addtime from comment left join goods on comment.gid
						= goods.gid where cid=38 [ RunTime:0.0000s ]
SQL: select goods.gid, goods.title, goods.price, goods.oldprice, goods.gimage, goods.gurl,
						comment.cid, comment.content, comment.addtime from comment left join goods on comment.gid
						= goods.gid where cid=39 [ RunTime:0.0000s ]
SQL: select goods.gid, goods.title, goods.price, goods.oldprice, goods.gimage, goods.gurl,
						comment.cid, comment.content, comment.addtime from comment left join goods on comment.gid
						= goods.gid where cid=40 [ RunTime:0.0010s ]
INFO: [ view_parse ] --START--
INFO: [ template_filter ] --START--
INFO: Run Behavior\ContentReplaceBehavior [ RunTime:0.000000s ]
INFO: [ template_filter ] --END-- [ RunTime:0.000000s ]
INFO: Run Behavior\ParseTemplateBehavior [ RunTime:0.013001s ]
INFO: [ view_parse ] --END-- [ RunTime:0.013001s ]
INFO: [ view_filter ] --START--
INFO: Run Behavior\WriteHtmlCacheBehavior [ RunTime:0.000000s ]
INFO: [ view_filter ] --END-- [ RunTime:0.000000s ]
INFO: [ app_end ] --START--
INFO: Run Behavior\ShowPageTraceBehavior [ RunTime:0.000000s ]
INFO: [ app_end ] --END-- [ RunTime:0.000000s ]

[ 2015-10-31T18:20:41+08:00 ] ::1 /favicon.ico
INFO: [ app_init ] --START--
INFO: Run Behavior\BuildLiteBehavior [ RunTime:0.000000s ]
INFO: [ app_init ] --END-- [ RunTime:0.009001s ]

[ 2015-10-31T18:20:41+08:00 ] ::1 /favicon.ico
INFO: [ app_init ] --START--
INFO: Run Behavior\BuildLiteBehavior [ RunTime:0.000000s ]
INFO: [ app_init ] --END-- [ RunTime:0.001000s ]

[ 2015-10-31T22:02:38+08:00 ] ::1 /favicon.ico
INFO: [ app_init ] --START--
INFO: Run Behavior\BuildLiteBehavior [ RunTime:0.000000s ]
INFO: [ app_init ] --END-- [ RunTime:0.001000s ]

[ 2015-10-31T22:02:39+08:00 ] ::1 /favicon.ico
INFO: [ app_init ] --START--
INFO: Run Behavior\BuildLiteBehavior [ RunTime:0.000000s ]
INFO: [ app_init ] --END-- [ RunTime:0.001000s ]

[ 2015-10-31T22:02:55+08:00 ] ::1 /index/getinfo
INFO: [ app_init ] --START--
INFO: Run Behavior\BuildLiteBehavior [ RunTime:0.000000s ]
INFO: [ app_init ] --END-- [ RunTime:0.001000s ]
INFO: [ app_begin ] --START--
INFO: Run Behavior\ReadHtmlCacheBehavior [ RunTime:0.013000s ]
INFO: [ app_begin ] --END-- [ RunTime:0.014000s ]
INFO: [ app_end ] --START--
INFO: Run Behavior\ShowPageTraceBehavior [ RunTime:0.048003s ]
INFO: [ app_end ] --END-- [ RunTime:0.048003s ]

[ 2015-10-31T22:56:05+08:00 ] ::1 /favicon.ico
INFO: [ app_init ] --START--
INFO: Run Behavior\BuildLiteBehavior [ RunTime:0.000000s ]
INFO: [ app_init ] --END-- [ RunTime:0.000000s ]

[ 2015-10-31T22:56:05+08:00 ] ::1 /favicon.ico
INFO: [ app_init ] --START--
INFO: Run Behavior\BuildLiteBehavior [ RunTime:0.000000s ]
INFO: [ app_init ] --END-- [ RunTime:0.001000s ]

[ 2015-10-31T22:56:14+08:00 ] ::1 /index/sendmail
INFO: [ app_init ] --START--
INFO: Run Behavior\BuildLiteBehavior [ RunTime:0.000000s ]
INFO: [ app_init ] --END-- [ RunTime:0.001000s ]
INFO: [ app_begin ] --START--
INFO: Run Behavior\ReadHtmlCacheBehavior [ RunTime:0.001001s ]
INFO: [ app_begin ] --END-- [ RunTime:0.002001s ]
ERR: 非法操作:sendmail

[ 2015-10-31T22:56:29+08:00 ] ::1 /index/sendemail
INFO: [ app_init ] --START--
INFO: Run Behavior\BuildLiteBehavior [ RunTime:0.000000s ]
INFO: [ app_init ] --END-- [ RunTime:0.001000s ]
INFO: [ app_begin ] --START--
INFO: Run Behavior\ReadHtmlCacheBehavior [ RunTime:0.001000s ]
INFO: [ app_begin ] --END-- [ RunTime:0.001000s ]

[ 2015-10-31T22:58:33+08:00 ] ::1 /index/sendemail
INFO: [ app_init ] --START--
INFO: Run Behavior\BuildLiteBehavior [ RunTime:0.000000s ]
INFO: [ app_init ] --END-- [ RunTime:0.001001s ]
INFO: [ app_begin ] --START--
INFO: Run Behavior\ReadHtmlCacheBehavior [ RunTime:0.002000s ]
INFO: [ app_begin ] --END-- [ RunTime:0.002000s ]

[ 2015-10-31T23:00:42+08:00 ] ::1 /index/sendemail
INFO: [ app_init ] --START--
INFO: Run Behavior\BuildLiteBehavior [ RunTime:0.000000s ]
INFO: [ app_init ] --END-- [ RunTime:0.001000s ]
INFO: [ app_begin ] --START--
INFO: Run Behavior\ReadHtmlCacheBehavior [ RunTime:0.001000s ]
INFO: [ app_begin ] --END-- [ RunTime:0.001000s ]
INFO: [ app_end ] --START--
INFO: Run Behavior\ShowPageTraceBehavior [ RunTime:0.002000s ]
INFO: [ app_end ] --END-- [ RunTime:0.002000s ]

[ 2015-10-31T23:02:26+08:00 ] ::1 /index/sendemail
INFO: [ app_init ] --START--
INFO: Run Behavior\BuildLiteBehavior [ RunTime:0.000000s ]
INFO: [ app_init ] --END-- [ RunTime:0.001000s ]
INFO: [ app_begin ] --START--
INFO: Run Behavior\ReadHtmlCacheBehavior [ RunTime:0.001000s ]
INFO: [ app_begin ] --END-- [ RunTime:0.001000s ]
INFO: [ app_end ] --START--
INFO: Run Behavior\ShowPageTraceBehavior [ RunTime:0.003001s ]
INFO: [ app_end ] --END-- [ RunTime:0.003001s ]

[ 2015-10-31T23:02:48+08:00 ] ::1 /index/sendemail
INFO: [ app_init ] --START--
INFO: Run Behavior\BuildLiteBehavior [ RunTime:0.000000s ]
INFO: [ app_init ] --END-- [ RunTime:0.000000s ]
INFO: [ app_begin ] --START--
INFO: Run Behavior\ReadHtmlCacheBehavior [ RunTime:0.001000s ]
INFO: [ app_begin ] --END-- [ RunTime:0.001000s ]
INFO: [ app_end ] --START--
INFO: Run Behavior\ShowPageTraceBehavior [ RunTime:0.001000s ]
INFO: [ app_end ] --END-- [ RunTime:0.002000s ]

[ 2015-10-31T23:12:38+08:00 ] ::1 /index/sendemail
INFO: [ app_init ] --START--
INFO: Run Behavior\BuildLiteBehavior [ RunTime:0.000000s ]
INFO: [ app_init ] --END-- [ RunTime:0.001000s ]
INFO: [ app_begin ] --START--
INFO: Run Behavior\ReadHtmlCacheBehavior [ RunTime:0.001000s ]
INFO: [ app_begin ] --END-- [ RunTime:0.001000s ]
INFO: [ app_end ] --START--
INFO: Run Behavior\ShowPageTraceBehavior [ RunTime:0.003000s ]
INFO: [ app_end ] --END-- [ RunTime:0.003000s ]

[ 2015-10-31T23:14:41+08:00 ] ::1 /index/sendemail
INFO: [ app_init ] --START--
INFO: Run Behavior\BuildLiteBehavior [ RunTime:0.000000s ]
INFO: [ app_init ] --END-- [ RunTime:0.000000s ]
INFO: [ app_begin ] --START--
INFO: Run Behavior\ReadHtmlCacheBehavior [ RunTime:0.000000s ]
INFO: [ app_begin ] --END-- [ RunTime:0.000000s ]
INFO: [ app_end ] --START--
INFO: Run Behavior\ShowPageTraceBehavior [ RunTime:0.002000s ]
INFO: [ app_end ] --END-- [ RunTime:0.002000s ]

[ 2015-10-31T23:14:53+08:00 ] ::1 /favicon.ico
INFO: [ app_init ] --START--
INFO: Run Behavior\BuildLiteBehavior [ RunTime:0.000000s ]
INFO: [ app_init ] --END-- [ RunTime:0.001000s ]

[ 2015-10-31T23:14:53+08:00 ] ::1 /favicon.ico
INFO: [ app_init ] --START--
INFO: Run Behavior\BuildLiteBehavior [ RunTime:0.000000s ]
INFO: [ app_init ] --END-- [ RunTime:0.001000s ]

