[ 2015-10-30T22:32:58+08:00 ] ::1 /Index/comment
INFO: [ app_init ] --START--
INFO: Run Behavior\BuildLiteBehavior [ RunTime:0.000000s ]
INFO: [ app_init ] --END-- [ RunTime:0.012001s ]
INFO: [ app_begin ] --START--
INFO: Run Behavior\ReadHtmlCacheBehavior [ RunTime:0.012001s ]
INFO: [ app_begin ] --END-- [ RunTime:0.013001s ]
SQL: SHOW COLUMNS FROM `comment` [ RunTime:0.0330s ]
SQL: SHOW COLUMNS FROM `goods` [ RunTime:0.0040s ]
SQL: SELECT * FROM `comment` WHERE ( gid=1056 && uid=10 ) LIMIT 1   [ RunTime:0.0010s ]
SQL: INSERT INTO `comment` (`uid`,`gid`,`content`,`username`) VALUES ('10','1056','范德萨范德萨发的说法','何虎平') [ RunTime:0.0790s ]
SQL: UPDATE `goods` SET `comment`=comment+1 WHERE ( gid=1056 ) [ RunTime:0.0510s ]

[ 2015-10-30T22:33:11+08:00 ] ::1 /Index/comment
INFO: [ app_init ] --START--
INFO: Run Behavior\BuildLiteBehavior [ RunTime:0.000000s ]
INFO: [ app_init ] --END-- [ RunTime:0.000000s ]
INFO: [ app_begin ] --START--
INFO: Run Behavior\ReadHtmlCacheBehavior [ RunTime:0.000000s ]
INFO: [ app_begin ] --END-- [ RunTime:0.000000s ]
SQL: SHOW COLUMNS FROM `comment` [ RunTime:0.0020s ]
SQL: SHOW COLUMNS FROM `goods` [ RunTime:0.0020s ]
SQL: SELECT * FROM `comment` WHERE ( gid=1055 && uid=10 ) LIMIT 1   [ RunTime:0.0010s ]
SQL: INSERT INTO `comment` (`uid`,`gid`,`content`,`username`) VALUES ('10','1055','3人文氛围范德萨范德萨佛挡杀佛','何虎平') [ RunTime:0.0000s ]
SQL: UPDATE `goods` SET `comment`=comment+1 WHERE ( gid=1055 ) [ RunTime:0.0010s ]

