[ 2015-11-03T23:44:00+08:00 ] ::1 /
INFO: [ app_init ] --START--
INFO: Run Behavior\BuildLiteBehavior [ RunTime:0.001000s ]
INFO: [ app_init ] --END-- [ RunTime:0.001000s ]
INFO: [ app_begin ] --START--
INFO: Run Behavior\ReadHtmlCacheBehavior [ RunTime:0.001000s ]
INFO: [ app_begin ] --END-- [ RunTime:0.001000s ]
SQL: SHOW COLUMNS FROM `goods` [ RunTime:0.0030s ]
SQL: SHOW COLUMNS FROM `goods` [ RunTime:0.0110s ]
SQL: SHOW COLUMNS FROM `comment` [ RunTime:0.0020s ]
SQL: SELECT COUNT(*) AS tp_count FROM `goods` WHERE ( status=1 && end_time>"2015-11-03 23:44:00" ) LIMIT 1   [ RunTime:0.0010s ]
SQL: SELECT `gid`,`title`,`cate`,`price`,`oldprice`,`gurl`,`gimage`,`shop`,`delimg`,`detail`,`yishou`,`praise`,`dislike`,`comment`,`star_time` FROM `goods` WHERE ( status=1 && end_time>"2015-11-03 23:44:00" ) ORDER BY gid desc LIMIT 0,80   [ RunTime:0.0030s ]
SQL: SELECT * FROM `comment` WHERE ( gid=472 && status=1 )  [ RunTime:0.0000s ]
SQL: SELECT * FROM `comment` WHERE ( gid=471 && status=1 )  [ RunTime:0.0000s ]
SQL: SELECT * FROM `comment` WHERE ( gid=470 && status=1 )  [ RunTime:0.0010s ]
SQL: SELECT * FROM `comment` WHERE ( gid=469 && status=1 )  [ RunTime:0.0000s ]
SQL: SELECT * FROM `comment` WHERE ( gid=468 && status=1 )  [ RunTime:0.0000s ]
SQL: SELECT * FROM `comment` WHERE ( gid=467 && status=1 )  [ RunTime:0.0010s ]
SQL: SELECT * FROM `comment` WHERE ( gid=466 && status=1 )  [ RunTime:0.0000s ]
SQL: SELECT * FROM `comment` WHERE ( gid=465 && status=1 )  [ RunTime:0.0000s ]
SQL: SELECT * FROM `comment` WHERE ( gid=464 && status=1 )  [ RunTime:0.0010s ]
SQL: SELECT * FROM `comment` WHERE ( gid=463 && status=1 )  [ RunTime:0.0000s ]
SQL: SELECT * FROM `comment` WHERE ( gid=462 && status=1 )  [ RunTime:0.0000s ]
SQL: SELECT * FROM `comment` WHERE ( gid=461 && status=1 )  [ RunTime:0.0010s ]
SQL: SELECT * FROM `comment` WHERE ( gid=459 && status=1 )  [ RunTime:0.0000s ]
SQL: SELECT * FROM `comment` WHERE ( gid=458 && status=1 )  [ RunTime:0.0000s ]
SQL: SELECT * FROM `comment` WHERE ( gid=457 && status=1 )  [ RunTime:0.0010s ]
SQL: SELECT * FROM `comment` WHERE ( gid=456 && status=1 )  [ RunTime:0.0000s ]
SQL: SELECT * FROM `comment` WHERE ( gid=455 && status=1 )  [ RunTime:0.0000s ]
SQL: SELECT * FROM `comment` WHERE ( gid=454 && status=1 )  [ RunTime:0.0000s ]
SQL: SELECT * FROM `comment` WHERE ( gid=453 && status=1 )  [ RunTime:0.0000s ]
SQL: SELECT * FROM `comment` WHERE ( gid=452 && status=1 )  [ RunTime:0.0000s ]
SQL: SELECT * FROM `comment` WHERE ( gid=451 && status=1 )  [ RunTime:0.0000s ]
SQL: SELECT * FROM `comment` WHERE ( gid=450 && status=1 )  [ RunTime:0.0000s ]
SQL: SELECT * FROM `comment` WHERE ( gid=449 && status=1 )  [ RunTime:0.0000s ]
SQL: SELECT * FROM `comment` WHERE ( gid=448 && status=1 )  [ RunTime:0.0000s ]
SQL: SELECT * FROM `comment` WHERE ( gid=447 && status=1 )  [ RunTime:0.0000s ]
SQL: SELECT * FROM `comment` WHERE ( gid=446 && status=1 )  [ RunTime:0.0000s ]
SQL: SELECT * FROM `comment` WHERE ( gid=445 && status=1 )  [ RunTime:0.0000s ]
SQL: SELECT * FROM `comment` WHERE ( gid=444 && status=1 )  [ RunTime:0.0010s ]
SQL: SELECT * FROM `comment` WHERE ( gid=443 && status=1 )  [ RunTime:0.0000s ]
SQL: SELECT * FROM `comment` WHERE ( gid=442 && status=1 )  [ RunTime:0.0000s ]
SQL: SELECT * FROM `comment` WHERE ( gid=441 && status=1 )  [ RunTime:0.0010s ]
SQL: SELECT * FROM `comment` WHERE ( gid=440 && status=1 )  [ RunTime:0.0000s ]
SQL: SELECT * FROM `comment` WHERE ( gid=439 && status=1 )  [ RunTime:0.0000s ]
SQL: SELECT * FROM `comment` WHERE ( gid=438 && status=1 )  [ RunTime:0.0000s ]
SQL: SELECT * FROM `comment` WHERE ( gid=437 && status=1 )  [ RunTime:0.0000s ]
SQL: SELECT * FROM `comment` WHERE ( gid=436 && status=1 )  [ RunTime:0.0000s ]
SQL: SELECT * FROM `comment` WHERE ( gid=435 && status=1 )  [ RunTime:0.0000s ]
SQL: SELECT * FROM `comment` WHERE ( gid=434 && status=1 )  [ RunTime:0.0000s ]
SQL: SELECT * FROM `comment` WHERE ( gid=433 && status=1 )  [ RunTime:0.0000s ]
SQL: SELECT * FROM `comment` WHERE ( gid=432 && status=1 )  [ RunTime:0.0000s ]
SQL: SELECT * FROM `comment` WHERE ( gid=431 && status=1 )  [ RunTime:0.0010s ]
SQL: SELECT * FROM `comment` WHERE ( gid=430 && status=1 )  [ RunTime:0.0000s ]
SQL: SELECT * FROM `comment` WHERE ( gid=429 && status=1 )  [ RunTime:0.0000s ]
SQL: SELECT * FROM `comment` WHERE ( gid=428 && status=1 )  [ RunTime:0.0010s ]
SQL: SELECT * FROM `comment` WHERE ( gid=427 && status=1 )  [ RunTime:0.0000s ]
SQL: SELECT * FROM `comment` WHERE ( gid=426 && status=1 )  [ RunTime:0.0000s ]
SQL: SELECT * FROM `comment` WHERE ( gid=425 && status=1 )  [ RunTime:0.0000s ]
SQL: SELECT * FROM `comment` WHERE ( gid=424 && status=1 )  [ RunTime:0.0000s ]
SQL: SELECT * FROM `comment` WHERE ( gid=423 && status=1 )  [ RunTime:0.0000s ]
SQL: SELECT * FROM `comment` WHERE ( gid=421 && status=1 )  [ RunTime:0.0000s ]
SQL: SELECT * FROM `comment` WHERE ( gid=420 && status=1 )  [ RunTime:0.0000s ]
SQL: SELECT * FROM `comment` WHERE ( gid=419 && status=1 )  [ RunTime:0.0000s ]
SQL: SELECT * FROM `comment` WHERE ( gid=417 && status=1 )  [ RunTime:0.0000s ]
SQL: SELECT * FROM `comment` WHERE ( gid=416 && status=1 )  [ RunTime:0.0010s ]
SQL: SELECT * FROM `comment` WHERE ( gid=415 && status=1 )  [ RunTime:0.0000s ]
SQL: SELECT * FROM `comment` WHERE ( gid=414 && status=1 )  [ RunTime:0.0000s ]
SQL: SELECT * FROM `comment` WHERE ( gid=411 && status=1 )  [ RunTime:0.0010s ]
SQL: SELECT * FROM `comment` WHERE ( gid=410 && status=1 )  [ RunTime:0.0000s ]
SQL: SELECT * FROM `comment` WHERE ( gid=409 && status=1 )  [ RunTime:0.0000s ]
SQL: SELECT * FROM `comment` WHERE ( gid=408 && status=1 )  [ RunTime:0.0000s ]
SQL: SELECT * FROM `comment` WHERE ( gid=407 && status=1 )  [ RunTime:0.0000s ]
SQL: SELECT * FROM `comment` WHERE ( gid=406 && status=1 )  [ RunTime:0.0000s ]
SQL: SELECT * FROM `comment` WHERE ( gid=405 && status=1 )  [ RunTime:0.0000s ]
SQL: SELECT * FROM `comment` WHERE ( gid=404 && status=1 )  [ RunTime:0.0000s ]
SQL: SELECT * FROM `comment` WHERE ( gid=403 && status=1 )  [ RunTime:0.0000s ]
SQL: SELECT * FROM `comment` WHERE ( gid=402 && status=1 )  [ RunTime:0.0000s ]
SQL: SELECT * FROM `comment` WHERE ( gid=401 && status=1 )  [ RunTime:0.0010s ]
SQL: SELECT * FROM `comment` WHERE ( gid=400 && status=1 )  [ RunTime:0.0000s ]
SQL: SELECT * FROM `comment` WHERE ( gid=398 && status=1 )  [ RunTime:0.0000s ]
SQL: SELECT * FROM `comment` WHERE ( gid=397 && status=1 )  [ RunTime:0.0010s ]
SQL: SELECT * FROM `comment` WHERE ( gid=396 && status=1 )  [ RunTime:0.0000s ]
SQL: SELECT * FROM `comment` WHERE ( gid=395 && status=1 )  [ RunTime:0.0000s ]
SQL: SELECT * FROM `comment` WHERE ( gid=394 && status=1 )  [ RunTime:0.0000s ]
SQL: SELECT * FROM `comment` WHERE ( gid=393 && status=1 )  [ RunTime:0.0000s ]
SQL: SELECT * FROM `comment` WHERE ( gid=392 && status=1 )  [ RunTime:0.0000s ]
SQL: SELECT * FROM `comment` WHERE ( gid=391 && status=1 )  [ RunTime:0.0010s ]
SQL: SELECT * FROM `comment` WHERE ( gid=390 && status=1 )  [ RunTime:0.0000s ]
SQL: SELECT * FROM `comment` WHERE ( gid=389 && status=1 )  [ RunTime:0.0000s ]
SQL: SELECT * FROM `comment` WHERE ( gid=388 && status=1 )  [ RunTime:0.0010s ]
SQL: SELECT * FROM `comment` WHERE ( gid=387 && status=1 )  [ RunTime:0.0000s ]
SQL: SELECT * FROM `goods` WHERE ( status=1 && fromwhere="jiukuaiyou" && end_time>"2015-11-03 23:44:00" ) ORDER BY gid desc LIMIT 5,5   [ RunTime:0.0010s ]
INFO: [ view_parse ] --START--
INFO: [ template_filter ] --START--
INFO: Run Behavior\ContentReplaceBehavior [ RunTime:0.000000s ]
INFO: [ template_filter ] --END-- [ RunTime:0.000000s ]
INFO: Run Behavior\ParseTemplateBehavior [ RunTime:0.024001s ]
INFO: [ view_parse ] --END-- [ RunTime:0.024001s ]
INFO: [ view_filter ] --START--
INFO: Run Behavior\WriteHtmlCacheBehavior [ RunTime:0.000000s ]
INFO: [ view_filter ] --END-- [ RunTime:0.000000s ]
INFO: [ app_end ] --START--
INFO: Run Behavior\ShowPageTraceBehavior [ RunTime:0.006000s ]
INFO: [ app_end ] --END-- [ RunTime:0.006000s ]

[ 2015-11-03T23:44:11+08:00 ] ::1 /Index/praise
INFO: [ app_init ] --START--
INFO: Run Behavior\BuildLiteBehavior [ RunTime:0.000000s ]
INFO: [ app_init ] --END-- [ RunTime:0.001000s ]
INFO: [ app_begin ] --START--
INFO: Run Behavior\ReadHtmlCacheBehavior [ RunTime:0.001000s ]
INFO: [ app_begin ] --END-- [ RunTime:0.001000s ]
SQL: SHOW COLUMNS FROM `praise` [ RunTime:0.0030s ]
SQL: SHOW COLUMNS FROM `goods` [ RunTime:0.0030s ]
SQL: INSERT INTO `praise` (`uid`,`gid`,`type`,`ip`) VALUES ('0','472','1','0.0.0.0') [ RunTime:0.0730s ]
SQL: UPDATE `goods` SET `praise`=praise+1 WHERE ( gid=472 ) [ RunTime:0.0990s ]

